<?xml version="1.0" encoding="UTF-8"?>
<!-- Generated by org.testng.reporters.JUnitReportReporter -->
<testsuite hostname="HIBAWL126957" name="com.bitly.getgroups.TC03_RetrieveGroup" tests="4" failures="0" timestamp="29 Sep 2021 18:05:44 GMT" time="2.583" errors="0">
  <testcase name="retrieveGroupHavingIncorrectGroupId" time="0.666" classname="com.bitly.getgroups.TC03_RetrieveGroup"/>
  <testcase name="retrieveGroup" time="0.592" classname="com.bitly.getgroups.TC03_RetrieveGroup"/>
  <testcase name="retrieveGroupWithoutToken" time="0.613" classname="com.bitly.getgroups.TC03_RetrieveGroup"/>
  <testcase name="retrieveGroupHavingIncorrectURI" time="0.712" classname="com.bitly.getgroups.TC03_RetrieveGroup"/>
</testsuite> <!-- com.bitly.getgroups.TC03_RetrieveGroup -->
