<?xml version="1.0" encoding="UTF-8"?>
<!-- Generated by org.testng.reporters.JUnitReportReporter -->
<testsuite hostname="HIBAWL126957" name="com.bitly.getgroups.TC01_GetGroups" tests="3" failures="0" timestamp="29 Sep 2021 18:05:44 GMT" time="4.346" errors="0">
  <testcase name="getGroupsWithoutToken" time="0.572" classname="com.bitly.getgroups.TC01_GetGroups"/>
  <testcase name="getGroupsHavingIncorrectURI" time="0.597" classname="com.bitly.getgroups.TC01_GetGroups"/>
  <testcase name="getGroups" time="3.177" classname="com.bitly.getgroups.TC01_GetGroups"/>
</testsuite> <!-- com.bitly.getgroups.TC01_GetGroups -->
