<?xml version="1.0" encoding="UTF-8"?>
<!-- Generated by org.testng.reporters.JUnitReportReporter -->
<testsuite hostname="HIBAWL126957" name="com.bitly.getgroups.TC02_CreateBitlink" tests="5" failures="0" timestamp="29 Sep 2021 18:05:44 GMT" time="3.949" errors="0">
  <testcase name="createBitlinkHavingIncorrectJSONBody" time="0.591" classname="com.bitly.getgroups.TC02_CreateBitlink"/>
  <testcase name="createBitlinkHavingIncorrectURI" time="0.621" classname="com.bitly.getgroups.TC02_CreateBitlink"/>
  <testcase name="createBitlinkWithoutToken" time="0.588" classname="com.bitly.getgroups.TC02_CreateBitlink"/>
  <testcase name="createBitlink" time="1.556" classname="com.bitly.getgroups.TC02_CreateBitlink"/>
  <testcase name="createBitlinkHavingIncorrectContentType" time="0.593" classname="com.bitly.getgroups.TC02_CreateBitlink"/>
</testsuite> <!-- com.bitly.getgroups.TC02_CreateBitlink -->
